ISim log file
Running: H:\labs\OExp07-PCPU\top_isim_beh.exe -intstyle ise -gui -tclbatch isim.cmd -wdb H:/labs/OExp07-PCPU/top_isim_beh.wdb 
ISim P.20131013 (signature 0x7708f090)
This is a Full version of ISim.
Time resolution is 1 ps
# onerror resume
# wave add /
# run 1000 ns
Simulator is doing circuit initialization process.
WARNING: This core is supplied with a behavioral model. To model cycle-accurate behavior you must run timing simulation.
 Block Memory Generator CORE Generator module loading initial data...
 Block Memory Generator data initialization complete.
Block Memory Generator CORE Generator module top.U3.inst.\native_mem_module.blk_mem_gen_v7_3_inst  is using a behavioral model for simulation which will not precisely model memory collision behavior.
Finished circuit initialization process.
# run all
# run all
# run all
# run all
# run all
# run all
# run all
# step
# step
# run 1.00us
# run 1.00us
# run 1.00us
# run 1.00us
# run 1.00us
