Release 14.7 - xst P.20131013 (nt64)
Copyright (c) 1995-2013 Xilinx, Inc.  All rights reserved.
--> Parameter TMPDIR set to xst/projnav.tmp


Total REAL time to Xst completion: 0.00 secs
Total CPU time to Xst completion: 0.14 secs
 
--> Parameter xsthdpdir set to xst


Total REAL time to Xst completion: 0.00 secs
Total CPU time to Xst completion: 0.14 secs
 
--> Reading design: SCPU.prj

TABLE OF CONTENTS
  1) Synthesis Options Summary
  2) HDL Parsing
  3) HDL Elaboration
  4) HDL Synthesis
       4.1) HDL Synthesis Report
  5) Advanced HDL Synthesis
       5.1) Advanced HDL Synthesis Report
  6) Low Level Synthesis
  7) Partition Report
  8) Design Summary
       8.1) Primitive and Black Box Usage
       8.2) Device utilization summary
       8.3) Partition Resource Summary
       8.4) Timing Report
            8.4.1) Clock Information
            8.4.2) Asynchronous Control Signals Information
            8.4.3) Timing Summary
            8.4.4) Timing Details
            8.4.5) Cross Clock Domains Report


=========================================================================
*                      Synthesis Options Summary                        *
=========================================================================
---- Source Parameters
Input File Name                    : "SCPU.prj"
Ignore Synthesis Constraint File   : NO

---- Target Parameters
Output File Name                   : "SCPU"
Output Format                      : NGC
Target Device                      : xc7k160t-1-ffg676

---- Source Options
Top Module Name                    : SCPU
Automatic FSM Extraction           : YES
FSM Encoding Algorithm             : Auto
Safe Implementation                : No
FSM Style                          : LUT
RAM Extraction                     : Yes
RAM Style                          : Auto
ROM Extraction                     : Yes
Shift Register Extraction          : YES
ROM Style                          : Auto
Resource Sharing                   : YES
Asynchronous To Synchronous        : NO
Shift Register Minimum Size        : 2
Use DSP Block                      : Auto
Automatic Register Balancing       : No

---- Target Options
LUT Combining                      : Auto
Reduce Control Sets                : Auto
Add IO Buffers                     : YES
Global Maximum Fanout              : 100000
Add Generic Clock Buffer(BUFG)     : 32
Register Duplication               : YES
Optimize Instantiated Primitives   : NO
Use Clock Enable                   : Auto
Use Synchronous Set                : Auto
Use Synchronous Reset              : Auto
Pack IO Registers into IOBs        : Auto
Equivalent register Removal        : YES

---- General Options
Optimization Goal                  : Speed
Optimization Effort                : 1
Power Reduction                    : NO
Keep Hierarchy                     : No
Netlist Hierarchy                  : As_Optimized
RTL Output                         : Yes
Global Optimization                : AllClockNets
Read Cores                         : YES
Write Timing Constraints           : NO
Cross Clock Analysis               : NO
Hierarchy Separator                : /
Bus Delimiter                      : <>
Case Specifier                     : Maintain
Slice Utilization Ratio            : 100
BRAM Utilization Ratio             : 100
DSP48 Utilization Ratio            : 100
Auto BRAM Packing                  : NO
Slice Utilization Ratio Delta      : 5

---- Other Options
Cores Search Directories           : {"IO" "ipcore_dir"  }

=========================================================================


=========================================================================
*                          HDL Parsing                                  *
=========================================================================
Analyzing Verilog file "H:\labs\OExp06-IP2MCPU\CPU\SCPU_ctrl.v" into library work
Parsing module <SCPU_ctrl>.
Analyzing Verilog file "H:\labs\OExp06-IP2MCPU\CPU\Data_path.v" into library work
Parsing module <Data_path>.
Analyzing Verilog file "H:\labs\OExp06-IP2MCPU\CPU\SCPU.v" into library work
Parsing module <SCPU>.

=========================================================================
*                            HDL Elaboration                            *
=========================================================================

Elaborating module <SCPU>.

Elaborating module <Data_path>.
WARNING:HDLCompiler:1499 - "H:\labs\OExp06-IP2MCPU\CPU\Data_path.v" Line 21: Empty module <Data_path> remains a black box.

Elaborating module <SCPU_ctrl>.
WARNING:HDLCompiler:1499 - "H:\labs\OExp06-IP2MCPU\CPU\SCPU_ctrl.v" Line 21: Empty module <SCPU_ctrl> remains a black box.

=========================================================================
*                           HDL Synthesis                               *
=========================================================================

Synthesizing Unit <SCPU>.
    Related source file is "H:\labs\OExp06-IP2MCPU\CPU\SCPU.v".
WARNING:Xst:647 - Input <INT> is never used. This port will be preserved and left unconnected if it belongs to a top-level block or it belongs to a sub-block and the hierarchy of this sub-block is preserved.
    Summary:
	no macro.
Unit <SCPU> synthesized.

=========================================================================
HDL Synthesis Report

Found no macro
=========================================================================

=========================================================================
*                       Advanced HDL Synthesis                          *
=========================================================================


=========================================================================
Advanced HDL Synthesis Report

Found no macro
=========================================================================

=========================================================================
*                         Low Level Synthesis                           *
=========================================================================

Optimizing unit <SCPU> ...

Mapping all equations...
WARNING:Xst:2036 - Inserting OBUF on port <PC_out<31>> driven by black box <Data_path>. Possible simulation mismatch.
WARNING:Xst:2036 - Inserting OBUF on port <PC_out<30>> driven by black box <Data_path>. Possible simulation mismatch.
WARNING:Xst:2036 - Inserting OBUF on port <PC_out<29>> driven by black box <Data_path>. Possible simulation mismatch.
WARNING:Xst:2036 - Inserting OBUF on port <PC_out<28>> driven by black box <Data_path>. Possible simulation mismatch.
WARNING:Xst:2036 - Inserting OBUF on port <PC_out<27>> driven by black box <Data_path>. Possible simulation mismatch.
WARNING:Xst:2036 - Inserting OBUF on port <PC_out<26>> driven by black box <Data_path>. Possible simulation mismatch.
WARNING:Xst:2036 - Inserting OBUF on port <PC_out<25>> driven by black box <Data_path>. Possible simulation mismatch.
WARNING:Xst:2036 - Inserting OBUF on port <PC_out<24>> driven by black box <Data_path>. Possible simulation mismatch.
WARNING:Xst:2036 - Inserting OBUF on port <PC_out<23>> driven by black box <Data_path>. Possible simulation mismatch.
WARNING:Xst:2036 - Inserting OBUF on port <PC_out<22>> driven by black box <Data_path>. Possible simulation mismatch.
WARNING:Xst:2036 - Inserting OBUF on port <PC_out<21>> driven by black box <Data_path>. Possible simulation mismatch.
WARNING:Xst:2036 - Inserting OBUF on port <PC_out<20>> driven by black box <Data_path>. Possible simulation mismatch.
WARNING:Xst:2036 - Inserting OBUF on port <PC_out<19>> driven by black box <Data_path>. Possible simulation mismatch.
WARNING:Xst:2036 - Inserting OBUF on port <PC_out<18>> driven by black box <Data_path>. Possible simulation mismatch.
WARNING:Xst:2036 - Inserting OBUF on port <PC_out<17>> driven by black box <Data_path>. Possible simulation mismatch.
WARNING:Xst:2036 - Inserting OBUF on port <PC_out<16>> driven by black box <Data_path>. Possible simulation mismatch.
WARNING:Xst:2036 - Inserting OBUF on port <PC_out<15>> driven by black box <Data_path>. Possible simulation mismatch.
WARNING:Xst:2036 - Inserting OBUF on port <PC_out<14>> driven by black box <Data_path>. Possible simulation mismatch.
WARNING:Xst:2036 - Inserting OBUF on port <PC_out<13>> driven by black box <Data_path>. Possible simulation mismatch.
WARNING:Xst:2036 - Inserting OBUF on port <PC_out<12>> driven by black box <Data_path>. Possible simulation mismatch.
WARNING:Xst:2036 - Inserting OBUF on port <PC_out<11>> driven by black box <Data_path>. Possible simulation mismatch.
WARNING:Xst:2036 - Inserting OBUF on port <PC_out<10>> driven by black box <Data_path>. Possible simulation mismatch.
WARNING:Xst:2036 - Inserting OBUF on port <PC_out<9>> driven by black box <Data_path>. Possible simulation mismatch.
WARNING:Xst:2036 - Inserting OBUF on port <PC_out<8>> driven by black box <Data_path>. Possible simulation mismatch.
WARNING:Xst:2036 - Inserting OBUF on port <PC_out<7>> driven by black box <Data_path>. Possible simulation mismatch.
WARNING:Xst:2036 - Inserting OBUF on port <PC_out<6>> driven by black box <Data_path>. Possible simulation mismatch.
WARNING:Xst:2036 - Inserting OBUF on port <PC_out<5>> driven by black box <Data_path>. Possible simulation mismatch.
WARNING:Xst:2036 - Inserting OBUF on port <PC_out<4>> driven by black box <Data_path>. Possible simulation mismatch.
WARNING:Xst:2036 - Inserting OBUF on port <PC_out<3>> driven by black box <Data_path>. Possible simulation mismatch.
WARNING:Xst:2036 - Inserting OBUF on port <PC_out<2>> driven by black box <Data_path>. Possible simulation mismatch.
WARNING:Xst:2036 - Inserting OBUF on port <PC_out<1>> driven by black box <Data_path>. Possible simulation mismatch.
WARNING:Xst:2036 - Inserting OBUF on port <PC_out<0>> driven by black box <Data_path>. Possible simulation mismatch.
WARNING:Xst:2036 - Inserting OBUF on port <Addr_out<31>> driven by black box <Data_path>. Possible simulation mismatch.
WARNING:Xst:2036 - Inserting OBUF on port <Addr_out<30>> driven by black box <Data_path>. Possible simulation mismatch.
WARNING:Xst:2036 - Inserting OBUF on port <Addr_out<29>> driven by black box <Data_path>. Possible simulation mismatch.
WARNING:Xst:2036 - Inserting OBUF on port <Addr_out<28>> driven by black box <Data_path>. Possible simulation mismatch.
WARNING:Xst:2036 - Inserting OBUF on port <Addr_out<27>> driven by black box <Data_path>. Possible simulation mismatch.
WARNING:Xst:2036 - Inserting OBUF on port <Addr_out<26>> driven by black box <Data_path>. Possible simulation mismatch.
WARNING:Xst:2036 - Inserting OBUF on port <Addr_out<25>> driven by black box <Data_path>. Possible simulation mismatch.
WARNING:Xst:2036 - Inserting OBUF on port <Addr_out<24>> driven by black box <Data_path>. Possible simulation mismatch.
WARNING:Xst:2036 - Inserting OBUF on port <Addr_out<23>> driven by black box <Data_path>. Possible simulation mismatch.
WARNING:Xst:2036 - Inserting OBUF on port <Addr_out<22>> driven by black box <Data_path>. Possible simulation mismatch.
WARNING:Xst:2036 - Inserting OBUF on port <Addr_out<21>> driven by black box <Data_path>. Possible simulation mismatch.
WARNING:Xst:2036 - Inserting OBUF on port <Addr_out<20>> driven by black box <Data_path>. Possible simulation mismatch.
WARNING:Xst:2036 - Inserting OBUF on port <Addr_out<19>> driven by black box <Data_path>. Possible simulation mismatch.
WARNING:Xst:2036 - Inserting OBUF on port <Addr_out<18>> driven by black box <Data_path>. Possible simulation mismatch.
WARNING:Xst:2036 - Inserting OBUF on port <Addr_out<17>> driven by black box <Data_path>. Possible simulation mismatch.
WARNING:Xst:2036 - Inserting OBUF on port <Addr_out<16>> driven by black box <Data_path>. Possible simulation mismatch.
WARNING:Xst:2036 - Inserting OBUF on port <Addr_out<15>> driven by black box <Data_path>. Possible simulation mismatch.
WARNING:Xst:2036 - Inserting OBUF on port <Addr_out<14>> driven by black box <Data_path>. Possible simulation mismatch.
WARNING:Xst:2036 - Inserting OBUF on port <Addr_out<13>> driven by black box <Data_path>. Possible simulation mismatch.
WARNING:Xst:2036 - Inserting OBUF on port <Addr_out<12>> driven by black box <Data_path>. Possible simulation mismatch.
WARNING:Xst:2036 - Inserting OBUF on port <Addr_out<11>> driven by black box <Data_path>. Possible simulation mismatch.
WARNING:Xst:2036 - Inserting OBUF on port <Addr_out<10>> driven by black box <Data_path>. Possible simulation mismatch.
WARNING:Xst:2036 - Inserting OBUF on port <Addr_out<9>> driven by black box <Data_path>. Possible simulation mismatch.
WARNING:Xst:2036 - Inserting OBUF on port <Addr_out<8>> driven by black box <Data_path>. Possible simulation mismatch.
WARNING:Xst:2036 - Inserting OBUF on port <Addr_out<7>> driven by black box <Data_path>. Possible simulation mismatch.
WARNING:Xst:2036 - Inserting OBUF on port <Addr_out<6>> driven by black box <Data_path>. Possible simulation mismatch.
WARNING:Xst:2036 - Inserting OBUF on port <Addr_out<5>> driven by black box <Data_path>. Possible simulation mismatch.
WARNING:Xst:2036 - Inserting OBUF on port <Addr_out<4>> driven by black box <Data_path>. Possible simulation mismatch.
WARNING:Xst:2036 - Inserting OBUF on port <Addr_out<3>> driven by black box <Data_path>. Possible simulation mismatch.
WARNING:Xst:2036 - Inserting OBUF on port <Addr_out<2>> driven by black box <Data_path>. Possible simulation mismatch.
WARNING:Xst:2036 - Inserting OBUF on port <Addr_out<1>> driven by black box <Data_path>. Possible simulation mismatch.
WARNING:Xst:2036 - Inserting OBUF on port <Addr_out<0>> driven by black box <Data_path>. Possible simulation mismatch.
WARNING:Xst:2036 - Inserting OBUF on port <Data_out<31>> driven by black box <Data_path>. Possible simulation mismatch.
WARNING:Xst:2036 - Inserting OBUF on port <Data_out<30>> driven by black box <Data_path>. Possible simulation mismatch.
WARNING:Xst:2036 - Inserting OBUF on port <Data_out<29>> driven by black box <Data_path>. Possible simulation mismatch.
WARNING:Xst:2036 - Inserting OBUF on port <Data_out<28>> driven by black box <Data_path>. Possible simulation mismatch.
WARNING:Xst:2036 - Inserting OBUF on port <Data_out<27>> driven by black box <Data_path>. Possible simulation mismatch.
WARNING:Xst:2036 - Inserting OBUF on port <Data_out<26>> driven by black box <Data_path>. Possible simulation mismatch.
WARNING:Xst:2036 - Inserting OBUF on port <Data_out<25>> driven by black box <Data_path>. Possible simulation mismatch.
WARNING:Xst:2036 - Inserting OBUF on port <Data_out<24>> driven by black box <Data_path>. Possible simulation mismatch.
WARNING:Xst:2036 - Inserting OBUF on port <Data_out<23>> driven by black box <Data_path>. Possible simulation mismatch.
WARNING:Xst:2036 - Inserting OBUF on port <Data_out<22>> driven by black box <Data_path>. Possible simulation mismatch.
WARNING:Xst:2036 - Inserting OBUF on port <Data_out<21>> driven by black box <Data_path>. Possible simulation mismatch.
WARNING:Xst:2036 - Inserting OBUF on port <Data_out<20>> driven by black box <Data_path>. Possible simulation mismatch.
WARNING:Xst:2036 - Inserting OBUF on port <Data_out<19>> driven by black box <Data_path>. Possible simulation mismatch.
WARNING:Xst:2036 - Inserting OBUF on port <Data_out<18>> driven by black box <Data_path>. Possible simulation mismatch.
WARNING:Xst:2036 - Inserting OBUF on port <Data_out<17>> driven by black box <Data_path>. Possible simulation mismatch.
WARNING:Xst:2036 - Inserting OBUF on port <Data_out<16>> driven by black box <Data_path>. Possible simulation mismatch.
WARNING:Xst:2036 - Inserting OBUF on port <Data_out<15>> driven by black box <Data_path>. Possible simulation mismatch.
WARNING:Xst:2036 - Inserting OBUF on port <Data_out<14>> driven by black box <Data_path>. Possible simulation mismatch.
WARNING:Xst:2036 - Inserting OBUF on port <Data_out<13>> driven by black box <Data_path>. Possible simulation mismatch.
WARNING:Xst:2036 - Inserting OBUF on port <Data_out<12>> driven by black box <Data_path>. Possible simulation mismatch.
WARNING:Xst:2036 - Inserting OBUF on port <Data_out<11>> driven by black box <Data_path>. Possible simulation mismatch.
WARNING:Xst:2036 - Inserting OBUF on port <Data_out<10>> driven by black box <Data_path>. Possible simulation mismatch.
WARNING:Xst:2036 - Inserting OBUF on port <Data_out<9>> driven by black box <Data_path>. Possible simulation mismatch.
WARNING:Xst:2036 - Inserting OBUF on port <Data_out<8>> driven by black box <Data_path>. Possible simulation mismatch.
WARNING:Xst:2036 - Inserting OBUF on port <Data_out<7>> driven by black box <Data_path>. Possible simulation mismatch.
WARNING:Xst:2036 - Inserting OBUF on port <Data_out<6>> driven by black box <Data_path>. Possible simulation mismatch.
WARNING:Xst:2036 - Inserting OBUF on port <Data_out<5>> driven by black box <Data_path>. Possible simulation mismatch.
WARNING:Xst:2036 - Inserting OBUF on port <Data_out<4>> driven by black box <Data_path>. Possible simulation mismatch.
WARNING:Xst:2036 - Inserting OBUF on port <Data_out<3>> driven by black box <Data_path>. Possible simulation mismatch.
WARNING:Xst:2036 - Inserting OBUF on port <Data_out<2>> driven by black box <Data_path>. Possible simulation mismatch.
WARNING:Xst:2036 - Inserting OBUF on port <Data_out<1>> driven by black box <Data_path>. Possible simulation mismatch.
WARNING:Xst:2036 - Inserting OBUF on port <Data_out<0>> driven by black box <Data_path>. Possible simulation mismatch.
WARNING:Xst:2036 - Inserting OBUF on port <mem_w> driven by black box <SCPU_ctrl>. Possible simulation mismatch.
WARNING:Xst:2036 - Inserting OBUF on port <CPU_MIO> driven by black box <SCPU_ctrl>. Possible simulation mismatch.
Building and optimizing final netlist ...
Found area constraint ratio of 100 (+ 5) on block SCPU, actual ratio is 0.

Final Macro Processing ...

=========================================================================
Final Register Report

Found no macro
=========================================================================

=========================================================================
*                           Partition Report                            *
=========================================================================

Partition Implementation Status
-------------------------------

  No Partitions were found in this design.

-------------------------------

=========================================================================
*                            Design Summary                             *
=========================================================================

Top Level Output File Name         : SCPU.ngc

Primitive and Black Box Usage:
------------------------------
# IO Buffers                       : 165
#      IBUF                        : 67
#      OBUF                        : 98
# Others                           : 2
#      Data_path                   : 1
#      SCPU_ctrl                   : 1

Device utilization summary:
---------------------------

Selected Device : 7k160tffg676-1 


Slice Logic Utilization: 

Slice Logic Distribution: 
 Number of LUT Flip Flop pairs used:      0
   Number with an unused Flip Flop:       0  out of      0         
   Number with an unused LUT:             0  out of      0         
   Number of fully used LUT-FF pairs:     0  out of      0         
   Number of unique control sets:         0

IO Utilization: 
 Number of IOs:                         166
 Number of bonded IOBs:                 165  out of    400    41%  

Specific Feature Utilization:

---------------------------
Partition Resource Summary:
---------------------------

  No Partitions were found in this design.

---------------------------


=========================================================================
Timing Report

NOTE: THESE TIMING NUMBERS ARE ONLY A SYNTHESIS ESTIMATE.
      FOR ACCURATE TIMING INFORMATION PLEASE REFER TO THE TRACE REPORT
      GENERATED AFTER PLACE-and-ROUTE.

Clock Information:
------------------
No clock signals found in this design

Asynchronous Control Signals Information:
----------------------------------------
No asynchronous control signals found in this design

Timing Summary:
---------------
Speed Grade: -1

   Minimum period: No path found
   Minimum input arrival time before clock: No path found
   Maximum output required time after clock: No path found
   Maximum combinational path delay: 0.399ns

Timing Details:
---------------
All values displayed in nanoseconds (ns)

=========================================================================
Timing constraint: Default path analysis
  Total number of paths / destination ports: 180 / 180
-------------------------------------------------------------------------
Delay:               0.399ns (Levels of Logic = 1)
  Source:            Data_path:PC_out<31> (PAD)
  Destination:       PC_out<31> (PAD)

  Data Path: Data_path:PC_out<31> to PC_out<31>
                                Gate     Net
    Cell:in->out      fanout   Delay   Delay  Logical Name (Net Name)
    ----------------------------------------  ------------
    Data_path:PC_out<31>    1   0.000   0.399  Data_path (PC_out_31_OBUF)
     OBUF:I->O                 0.000          PC_out_31_OBUF (PC_out<31>)
    ----------------------------------------
    Total                      0.399ns (0.000ns logic, 0.399ns route)
                                       (0.0% logic, 100.0% route)

=========================================================================

Cross Clock Domains Report:
--------------------------

=========================================================================


Total REAL time to Xst completion: 10.00 secs
Total CPU time to Xst completion: 9.37 secs
 
--> 

Total memory usage is 4671036 kilobytes

Number of errors   :    0 (   0 filtered)
Number of warnings :  101 (   0 filtered)
Number of infos    :    0 (   0 filtered)

